[src/fn_visitor.rs:116] fn_call = FnCallInfo {
    def_id: DefId(2:2943 ~ core[f767]::ops::function::FnOnce::call_once),
    arg_tys: [
        F,
        (&T, &T),
    ],
    call_span: /Users/artemagvanian/.rustup/toolchains/nightly-2023-04-12-aarch64-apple-darwin/lib/rustlib/src/rust/library/core/src/cmp.rs:1193:11: 1193:28 (#0),
    body_span: None,
    body_checked: false,
    raw_ptr_deref: false,
}
[src/fn_visitor.rs:116] fn_call = FnCallInfo {
    def_id: DefId(2:1260 ~ core[f767]::intrinsics::{extern#0}::caller_location),
    arg_tys: [],
    call_span: /Users/artemagvanian/.rustup/toolchains/nightly-2023-04-12-aarch64-apple-darwin/lib/rustlib/src/rust/library/core/src/panic/location.rs:88:9: 88:45 (#0),
    body_span: None,
    body_checked: false,
    raw_ptr_deref: false,
}
[src/fn_visitor.rs:116] fn_call = FnCallInfo {
    def_id: DefId(2:8282 ~ core[f767]::panicking::panic_fmt::{extern#0}::panic_impl),
    arg_tys: [
        &std::panic::PanicInfo<'_>,
    ],
    call_span: /Users/artemagvanian/.rustup/toolchains/nightly-2023-04-12-aarch64-apple-darwin/lib/rustlib/src/rust/library/core/src/panicking.rs:67:14: 67:29 (#0),
    body_span: None,
    body_checked: false,
    raw_ptr_deref: false,
}
[src/fn_visitor.rs:116] fn_call = FnCallInfo {
    def_id: DefId(2:1268 ~ core[f767]::intrinsics::{extern#0}::offset),
    arg_tys: [
        *const T,
        isize,
    ],
    call_span: /Users/artemagvanian/.rustup/toolchains/nightly-2023-04-12-aarch64-apple-darwin/lib/rustlib/src/rust/library/core/src/ptr/const_ptr.rs:465:18: 465:49 (#0),
    body_span: None,
    body_checked: false,
    raw_ptr_deref: false,
}
[src/fn_visitor.rs:116] fn_call = FnCallInfo {
    def_id: DefId(2:1345 ~ core[f767]::intrinsics::{extern#0}::ctpop),
    arg_tys: [
        u64,
    ],
    call_span: /Users/artemagvanian/.rustup/toolchains/nightly-2023-04-12-aarch64-apple-darwin/lib/rustlib/src/rust/library/core/src/num/uint_macros.rs:107:13: 107:48 (#22),
    body_span: None,
    body_checked: false,
    raw_ptr_deref: false,
}
[src/fn_visitor.rs:116] fn_call = FnCallInfo {
    def_id: DefId(2:1238 ~ core[f767]::intrinsics::{extern#0}::unlikely),
    arg_tys: [
        bool,
    ],
    call_span: /Users/artemagvanian/.rustup/toolchains/nightly-2023-04-12-aarch64-apple-darwin/lib/rustlib/src/rust/library/core/src/num/mod.rs:25:9: 25:33 (#71),
    body_span: None,
    body_checked: false,
    raw_ptr_deref: false,
}
[src/fn_visitor.rs:116] fn_call = FnCallInfo {
    def_id: DefId(2:8285 ~ core[f767]::panicking::panic_nounwind_fmt::{extern#0}::panic_impl),
    arg_tys: [
        &std::panic::PanicInfo<'_>,
    ],
    call_span: /Users/artemagvanian/.rustup/toolchains/nightly-2023-04-12-aarch64-apple-darwin/lib/rustlib/src/rust/library/core/src/panicking.rs:96:14: 96:29 (#0),
    body_span: None,
    body_checked: false,
    raw_ptr_deref: false,
}
[src/fn_visitor.rs:116] fn_call = FnCallInfo {
    def_id: DefId(2:10892 ~ core[f767]::slice::{impl#0}::get_unchecked),
    arg_tys: [
        &[u8],
        usize,
    ],
    call_span: /Users/artemagvanian/.rustup/toolchains/nightly-2023-04-12-aarch64-apple-darwin/lib/rustlib/src/rust/library/core/src/hash/sip.rs:138:31: 138:55 (#0),
    body_span: Some(
        /Users/artemagvanian/.rustup/toolchains/nightly-2023-04-12-aarch64-apple-darwin/lib/rustlib/src/rust/library/core/src/slice/mod.rs:398:5: 406:6 (#0),
    ),
    body_checked: true,
    raw_ptr_deref: true,
}
[src/fn_visitor.rs:124] body_snippet = "pub const unsafe fn get_unchecked<I>(&self, index: I) -> &I::Output\n    where\n        I: ~const SliceIndex<Self>,\n    {\n        // SAFETY: the caller must uphold most of the safety requirements for `get_unchecked`;\n        // the slice is dereferenceable because `self` is a safe reference.\n        // The returned pointer is safe because impls of `SliceIndex` have to guarantee that it is.\n        unsafe { &*index.get_unchecked(self) }\n    }"
[src/fn_visitor.rs:116] fn_call = FnCallInfo {
    def_id: DefId(2:1381 ~ core[f767]::intrinsics::{extern#0}::rotate_left),
    arg_tys: [
        u64,
        u64,
    ],
    call_span: /Users/artemagvanian/.rustup/toolchains/nightly-2023-04-12-aarch64-apple-darwin/lib/rustlib/src/rust/library/core/src/num/uint_macros.rs:235:13: 235:55 (#82),
    body_span: None,
    body_checked: false,
    raw_ptr_deref: false,
}
[src/fn_visitor.rs:116] fn_call = FnCallInfo {
    def_id: DefId(2:1254 ~ core[f767]::intrinsics::{extern#0}::assert_inhabited),
    arg_tys: [],
    call_span: /Users/artemagvanian/.rustup/toolchains/nightly-2023-04-12-aarch64-apple-darwin/lib/rustlib/src/rust/library/core/src/mem/maybe_uninit.rs:626:13: 626:48 (#0),
    body_span: None,
    body_checked: false,
    raw_ptr_deref: false,
}
[src/fn_visitor.rs:116] fn_call = FnCallInfo {
    def_id: DefId(2:1353 ~ core[f767]::intrinsics::{extern#0}::cttz_nonzero),
    arg_tys: [
        u64,
    ],
    call_span: /Users/artemagvanian/.cargo/registry/src/index.crates.io-6f17d22bba15001f/hashbrown-0.12.3/src/raw/bitmask.rs:69:9: 69:41 (#0),
    body_span: None,
    body_checked: false,
    raw_ptr_deref: false,
}
[src/fn_visitor.rs:116] fn_call = FnCallInfo {
    def_id: DefId(2:2939 ~ core[f767]::ops::function::FnMut::call_mut),
    arg_tys: [
        &mut dyn std::ops::FnMut(usize) -> bool,
        (usize,),
    ],
    call_span: /Users/artemagvanian/.cargo/registry/src/index.crates.io-6f17d22bba15001f/hashbrown-0.12.3/src/raw/mod.rs:1179:27: 1179:36 (#0),
    body_span: None,
    body_checked: false,
    raw_ptr_deref: false,
}
[src/fn_visitor.rs:116] fn_call = FnCallInfo {
    def_id: DefId(2:1237 ~ core[f767]::intrinsics::{extern#0}::likely),
    arg_tys: [
        bool,
    ],
    call_span: /Users/artemagvanian/.cargo/registry/src/index.crates.io-6f17d22bba15001f/hashbrown-0.12.3/src/raw/mod.rs:1179:20: 1179:37 (#0),
    body_span: None,
    body_checked: false,
    raw_ptr_deref: false,
}
[src/fn_visitor.rs:116] fn_call = FnCallInfo {
    def_id: DefId(12:115 ~ hashbrown[3a89]::raw::{impl#5}::as_ref),
    arg_tys: [
        &hashbrown::raw::Bucket<T>,
    ],
    call_span: /Users/artemagvanian/.cargo/registry/src/index.crates.io-6f17d22bba15001f/hashbrown-0.12.3/src/raw/mod.rs:832:50: 832:58 (#0),
    body_span: Some(
        /Users/artemagvanian/.cargo/registry/src/index.crates.io-6f17d22bba15001f/hashbrown-0.12.3/src/raw/mod.rs:346:5: 348:6 (#0),
    ),
    body_checked: true,
    raw_ptr_deref: true,
}
[src/fn_visitor.rs:124] body_snippet = "pub unsafe fn as_ref<'a>(&self) -> &'a T {\n        &*self.as_ptr()\n    }"
Body purity check result for function contains_hashmap: false